2022-07-16 15:43:46.741  INFO 14012 --- [restartedMain] c.t.TaskManger.TaskMangerApplication     : Starting TaskMangerApplication using Java 18.0.1.1 on yaseen-asaliya with PID 14012 (C:\Users\MT2X\Documents\GitHub\Task-Manager\target\classes started by MT2X in C:\Users\MT2X\Documents\GitHub\Task-Manager)
2022-07-16 15:43:46.742  INFO 14012 --- [restartedMain] c.t.TaskManger.TaskMangerApplication     : No active profile set, falling back to 1 default profile: "default"
2022-07-16 15:43:46.796  INFO 14012 --- [restartedMain] .e.DevToolsPropertyDefaultsPostProcessor : Devtools property defaults active! Set 'spring.devtools.add-properties' to 'false' to disable
2022-07-16 15:43:46.796  INFO 14012 --- [restartedMain] .e.DevToolsPropertyDefaultsPostProcessor : For additional web related logging consider setting the 'logging.level.web' property to 'DEBUG'
2022-07-16 15:43:47.381  INFO 14012 --- [restartedMain] .s.d.r.c.RepositoryConfigurationDelegate : Bootstrapping Spring Data JPA repositories in DEFAULT mode.
2022-07-16 15:43:47.423  INFO 14012 --- [restartedMain] .s.d.r.c.RepositoryConfigurationDelegate : Finished Spring Data repository scanning in 35 ms. Found 2 JPA repository interfaces.
2022-07-16 15:43:47.908  INFO 14012 --- [restartedMain] o.s.b.w.embedded.tomcat.TomcatWebServer  : Tomcat initialized with port(s): 8182 (http)
2022-07-16 15:43:47.914  INFO 14012 --- [restartedMain] o.apache.catalina.core.StandardService   : Starting service [Tomcat]
2022-07-16 15:43:47.915  INFO 14012 --- [restartedMain] org.apache.catalina.core.StandardEngine  : Starting Servlet engine: [Apache Tomcat/9.0.64]
2022-07-16 15:43:47.987  INFO 14012 --- [restartedMain] o.a.c.c.C.[Tomcat].[localhost].[/]       : Initializing Spring embedded WebApplicationContext
2022-07-16 15:43:47.988  INFO 14012 --- [restartedMain] w.s.c.ServletWebServerApplicationContext : Root WebApplicationContext: initialization completed in 1187 ms
2022-07-16 15:43:48.102  INFO 14012 --- [restartedMain] com.zaxxer.hikari.HikariDataSource       : HikariPool-1 - Starting...
2022-07-16 15:43:48.228  INFO 14012 --- [restartedMain] com.zaxxer.hikari.HikariDataSource       : HikariPool-1 - Start completed.
2022-07-16 15:43:48.264  INFO 14012 --- [restartedMain] o.hibernate.jpa.internal.util.LogHelper  : HHH000204: Processing PersistenceUnitInfo [name: default]
2022-07-16 15:43:48.295  INFO 14012 --- [restartedMain] org.hibernate.Version                    : HHH000412: Hibernate ORM core version 5.6.9.Final
2022-07-16 15:43:48.400  INFO 14012 --- [restartedMain] o.hibernate.annotations.common.Version   : HCANN000001: Hibernate Commons Annotations {5.1.2.Final}
2022-07-16 15:43:48.490  INFO 14012 --- [restartedMain] org.hibernate.dialect.Dialect            : HHH000400: Using dialect: org.hibernate.dialect.MySQL8Dialect
2022-07-16 15:43:48.836  INFO 14012 --- [restartedMain] o.h.e.t.j.p.i.JtaPlatformInitiator       : HHH000490: Using JtaPlatform implementation: [org.hibernate.engine.transaction.jta.platform.internal.NoJtaPlatform]
2022-07-16 15:43:48.843  INFO 14012 --- [restartedMain] j.LocalContainerEntityManagerFactoryBean : Initialized JPA EntityManagerFactory for persistence unit 'default'
2022-07-16 15:43:49.078  WARN 14012 --- [restartedMain] JpaBaseConfiguration$JpaWebConfiguration : spring.jpa.open-in-view is enabled by default. Therefore, database queries may be performed during view rendering. Explicitly configure spring.jpa.open-in-view to disable this warning
2022-07-16 15:43:49.317  INFO 14012 --- [restartedMain] o.s.b.d.a.OptionalLiveReloadServer       : LiveReload server is running on port 35729
2022-07-16 15:43:49.347  INFO 14012 --- [restartedMain] o.s.b.w.embedded.tomcat.TomcatWebServer  : Tomcat started on port(s): 8182 (http) with context path ''
2022-07-16 15:43:49.358  INFO 14012 --- [restartedMain] c.t.TaskManger.TaskMangerApplication     : Started TaskMangerApplication in 2.979 seconds (JVM running for 3.605)
2022-07-16 15:43:49.360  INFO 14012 --- [restartedMain] c.t.TaskManger.rest.TaskRestController   : ss
2022-07-16 15:44:07.779  INFO 14012 --- [SpringApplicationShutdownHook] j.LocalContainerEntityManagerFactoryBean : Closing JPA EntityManagerFactory for persistence unit 'default'
2022-07-16 15:44:07.782  INFO 14012 --- [SpringApplicationShutdownHook] com.zaxxer.hikari.HikariDataSource       : HikariPool-1 - Shutdown initiated...
2022-07-16 15:44:07.786  INFO 14012 --- [SpringApplicationShutdownHook] com.zaxxer.hikari.HikariDataSource       : HikariPool-1 - Shutdown completed.
2022-07-16 15:44:29.790  INFO 5124 --- [restartedMain] c.t.TaskManger.TaskMangerApplication     : Starting TaskMangerApplication using Java 18.0.1.1 on yaseen-asaliya with PID 5124 (C:\Users\MT2X\Documents\GitHub\Task-Manager\target\classes started by MT2X in C:\Users\MT2X\Documents\GitHub\Task-Manager)
2022-07-16 15:44:29.792  INFO 5124 --- [restartedMain] c.t.TaskManger.TaskMangerApplication     : No active profile set, falling back to 1 default profile: "default"
2022-07-16 15:44:29.859  INFO 5124 --- [restartedMain] .e.DevToolsPropertyDefaultsPostProcessor : Devtools property defaults active! Set 'spring.devtools.add-properties' to 'false' to disable
2022-07-16 15:44:29.859  INFO 5124 --- [restartedMain] .e.DevToolsPropertyDefaultsPostProcessor : For additional web related logging consider setting the 'logging.level.web' property to 'DEBUG'
2022-07-16 15:44:30.453  INFO 5124 --- [restartedMain] .s.d.r.c.RepositoryConfigurationDelegate : Bootstrapping Spring Data JPA repositories in DEFAULT mode.
2022-07-16 15:44:30.498  INFO 5124 --- [restartedMain] .s.d.r.c.RepositoryConfigurationDelegate : Finished Spring Data repository scanning in 35 ms. Found 2 JPA repository interfaces.
2022-07-16 15:44:30.988  INFO 5124 --- [restartedMain] o.s.b.w.embedded.tomcat.TomcatWebServer  : Tomcat initialized with port(s): 8182 (http)
2022-07-16 15:44:30.994  INFO 5124 --- [restartedMain] o.apache.catalina.core.StandardService   : Starting service [Tomcat]
2022-07-16 15:44:30.995  INFO 5124 --- [restartedMain] org.apache.catalina.core.StandardEngine  : Starting Servlet engine: [Apache Tomcat/9.0.64]
2022-07-16 15:44:31.054  INFO 5124 --- [restartedMain] o.a.c.c.C.[Tomcat].[localhost].[/]       : Initializing Spring embedded WebApplicationContext
2022-07-16 15:44:31.054  INFO 5124 --- [restartedMain] w.s.c.ServletWebServerApplicationContext : Root WebApplicationContext: initialization completed in 1194 ms
2022-07-16 15:44:31.205  INFO 5124 --- [restartedMain] com.zaxxer.hikari.HikariDataSource       : HikariPool-1 - Starting...
2022-07-16 15:44:31.322  INFO 5124 --- [restartedMain] com.zaxxer.hikari.HikariDataSource       : HikariPool-1 - Start completed.
2022-07-16 15:44:31.352  INFO 5124 --- [restartedMain] o.hibernate.jpa.internal.util.LogHelper  : HHH000204: Processing PersistenceUnitInfo [name: default]
2022-07-16 15:44:31.380  INFO 5124 --- [restartedMain] org.hibernate.Version                    : HHH000412: Hibernate ORM core version 5.6.9.Final
2022-07-16 15:44:31.508  INFO 5124 --- [restartedMain] o.hibernate.annotations.common.Version   : HCANN000001: Hibernate Commons Annotations {5.1.2.Final}
2022-07-16 15:44:31.575  INFO 5124 --- [restartedMain] org.hibernate.dialect.Dialect            : HHH000400: Using dialect: org.hibernate.dialect.MySQL8Dialect
2022-07-16 15:44:31.954  INFO 5124 --- [restartedMain] o.h.e.t.j.p.i.JtaPlatformInitiator       : HHH000490: Using JtaPlatform implementation: [org.hibernate.engine.transaction.jta.platform.internal.NoJtaPlatform]
2022-07-16 15:44:31.959  INFO 5124 --- [restartedMain] j.LocalContainerEntityManagerFactoryBean : Initialized JPA EntityManagerFactory for persistence unit 'default'
2022-07-16 15:44:32.206  WARN 5124 --- [restartedMain] JpaBaseConfiguration$JpaWebConfiguration : spring.jpa.open-in-view is enabled by default. Therefore, database queries may be performed during view rendering. Explicitly configure spring.jpa.open-in-view to disable this warning
2022-07-16 15:44:32.463  INFO 5124 --- [restartedMain] o.s.b.d.a.OptionalLiveReloadServer       : LiveReload server is running on port 35729
2022-07-16 15:44:32.493  INFO 5124 --- [restartedMain] o.s.b.w.embedded.tomcat.TomcatWebServer  : Tomcat started on port(s): 8182 (http) with context path ''
2022-07-16 15:44:32.503  INFO 5124 --- [restartedMain] c.t.TaskManger.TaskMangerApplication     : Started TaskMangerApplication in 3.067 seconds (JVM running for 3.71)
2022-07-16 15:44:32.506  INFO 5124 --- [restartedMain] c.t.TaskManger.rest.TaskRestController   : ss
